<?xml version="1.0" encoding="UTF-8"?>
<testsuite xmlns:xsi="http://www.w3.org/2001/XMLSchema-instance" xsi:noNamespaceSchemaLocation="https://maven.apache.org/surefire/maven-surefire-plugin/xsd/surefire-test-report.xsd" name="TestSuite" time="7.046" tests="1" errors="0" skipped="0" failures="1">
  <properties>
[...]
</properties>
  <testcase name="googleTest" classname="com.Demo.demoProject.AppTest" time="6.143">
    <failure message="element click intercepted: Element &lt;input class=&quot;gNO89b&quot; value=&quot;Google Search&quot; aria-label=&quot;Google Search&quot; name=&quot;btnK&quot; role=&quot;button&quot; tabindex=&quot;0&quot; type=&quot;submit&quot; data-ved=&quot;0ahUKEwiDjt6665T5AhVYRmwGHQ_BA9IQ4dUDCAs&quot;&gt; is not clickable at point (432, 271). Other element would receive the click: &lt;b&gt;...&lt;/b&gt;&#10;  (Session info: chrome=103.0.5060.134)&#10;Build info: version: &apos;4.3.0&apos;, revision: &apos;a4995e2c09*&apos;&#10;System info: host: &apos;DESKTOP-BDLBIPL&apos;, ip: &apos;192.168.43.139&apos;, os.name: &apos;Windows 10&apos;, os.arch: &apos;amd64&apos;, os.version: &apos;10.0&apos;, java.version: &apos;11.0.15.1&apos;&#10;Driver info: org.openqa.selenium.chrome.ChromeDriver&#10;Command: [f30c3a17d6f56887723a28b6e31b9ea3, clickElement {id=9d823037-0703-4fc7-82a2-e5818389d436}]&#10;Capabilities {acceptInsecureCerts: false, browserName: chrome, browserVersion: 103.0.5060.134, chrome: {chromedriverVersion: 103.0.5060.134 (8ec6fce403b..., userDataDir: C:\Users\karth\AppData\Loca...}, goog:chromeOptions: {debuggerAddress: localhost:58328}, networkConnectionEnabled: false, pageLoadStrategy: normal, platformName: WINDOWS, proxy: Proxy(), se:cdp: ws://localhost:58328/devtoo..., se:cdpVersion: 103.0.5060.134, setWindowRect: true, strictFileInteractability: false, timeouts: {implicit: 0, pageLoad: 300000, script: 30000}, unhandledPromptBehavior: dismiss and notify, webauthn:extension:credBlob: true, webauthn:extension:largeBlob: true, webauthn:virtualAuthenticators: true}&#10;Element: [[ChromeDriver: chrome on WINDOWS (f30c3a17d6f56887723a28b6e31b9ea3)] -&gt; xpath: /html/body/div[1]/div[3]/form/div[1]/div[1]/div[3]/center/input[1]]&#10;Session ID: f30c3a17d6f56887723a28b6e31b9ea3" type="org.openqa.selenium.ElementClickInterceptedException"><![CDATA[org.openqa.selenium.ElementClickInterceptedException: 
element click intercepted: Element <input class="gNO89b" value="Google Search" aria-label="Google Search" name="btnK" role="button" tabindex="0" type="submit" data-ved="0ahUKEwiDjt6665T5AhVYRmwGHQ_BA9IQ4dUDCAs"> is not clickable at point (432, 271). Other element would receive the click: <b>...</b>
  (Session info: chrome=103.0.5060.134)
Build info: version: '4.3.0', revision: 'a4995e2c09*'
System info: host: 'DESKTOP-BDLBIPL', ip: '192.168.43.139', os.name: 'Windows 10', os.arch: 'amd64', os.version: '10.0', java.version: '11.0.15.1'
Driver info: org.openqa.selenium.chrome.ChromeDriver
Command: [f30c3a17d6f56887723a28b6e31b9ea3, clickElement {id=9d823037-0703-4fc7-82a2-e5818389d436}]
Capabilities {acceptInsecureCerts: false, browserName: chrome, browserVersion: 103.0.5060.134, chrome: {chromedriverVersion: 103.0.5060.134 (8ec6fce403b..., userDataDir: C:\Users\karth\AppData\Loca...}, goog:chromeOptions: {debuggerAddress: localhost:58328}, networkConnectionEnabled: false, pageLoadStrategy: normal, platformName: WINDOWS, proxy: Proxy(), se:cdp: ws://localhost:58328/devtoo..., se:cdpVersion: 103.0.5060.134, setWindowRect: true, strictFileInteractability: false, timeouts: {implicit: 0, pageLoad: 300000, script: 30000}, unhandledPromptBehavior: dismiss and notify, webauthn:extension:credBlob: true, webauthn:extension:largeBlob: true, webauthn:virtualAuthenticators: true}
Element: [[ChromeDriver: chrome on WINDOWS (f30c3a17d6f56887723a28b6e31b9ea3)] -> xpath: /html/body/div[1]/div[3]/form/div[1]/div[1]/div[3]/center/input[1]]
Session ID: f30c3a17d6f56887723a28b6e31b9ea3
	at com.Demo.demoProject.AppTest.googleTest(AppTest.java:33)
]]></failure>
    <system-err><![CDATA[SLF4J: Failed to load class "org.slf4j.impl.StaticLoggerBinder".
SLF4J: Defaulting to no-operation (NOP) logger implementation
SLF4J: See http://www.slf4j.org/codes.html#StaticLoggerBinder for further details.
Starting ChromeDriver 103.0.5060.134 (8ec6fce403b3feb0869b0732eda8bd95011d333c-refs/branch-heads/5060@{#1262}) on port 54723
Only local connections are allowed.
Please see https://chromedriver.chromium.org/security-considerations for suggestions on keeping ChromeDriver safe.
ChromeDriver was started successfully.
Jul 26, 2022 1:36:14 AM org.openqa.selenium.remote.ProtocolHandshake createSession
INFO: Detected upstream dialect: W3C
Jul 26, 2022 1:36:14 AM org.openqa.selenium.devtools.CdpVersionFinder findNearestMatch
INFO: Found exact CDP implementation for version 103
]]></system-err>
  </testcase>
</testsuite>